# JRE version: OpenJDK Runtime Environment (21.0.8) (build 21.0.8+-14196175-b1038.72)
# Java VM: OpenJDK 64-Bit Server VM (21.0.8+-14196175-b1038.72, mixed mode, tiered, compressed oops, compressed class ptrs, g1 gc, windows-amd64)
GC Precious Log:
 CardTable entry size: 512
 Card Set container configuration: InlinePtr #cards 4 size 8 Array Of Cards #cards 16 size 48 Howl #buckets 8 coarsen threshold 3686 Howl Bitmap #cards 512 size 80 coarsen threshold 460 Card regions per heap region 1 cards per card region 4096
 CPUs: 4 total, 4 available
 Memory: 20389M
 Large Page Support: Disabled
 NUMA Support: Disabled
 Compressed Oops: Enabled (Zero based)
 Heap Region Size: 2M
 Heap Min Capacity: 8M
 Heap Initial Capacity: 320M
 Heap Max Capacity: 4G
 Pre-touch: Disabled
 Parallel Workers: 4
 Concurrent Workers: 1
 Concurrent Refinement Workers: 4
 Periodic GC: Disabled
Heap:
 garbage-first heap   total 464896K, used 309698K [0x0000000700000000, 0x0000000800000000)
  region size 2048K, 19 young (38912K), 2 survivors (4096K)
 Metaspace       used 196511K, committed 198912K, reserved 1048576K
  class space    used 25135K, committed 26304K, reserved 851968K
GC Heap History (20 events):
Event: 132.189 GC heap before
{Heap before GC invocations=63 (full 0):
 garbage-first heap   total 280576K, used 218974K [0x0000000700000000, 0x0000000800000000)
  region size 2048K, 29 young (59392K), 3 survivors (6144K)
 Metaspace       used 156138K, committed 158464K, reserved 1048576K
  class space    used 21518K, committed 22656K, reserved 851968K
}
Event: 132.218 GC heap after
{Heap after GC invocations=64 (full 0):
 garbage-first heap   total 280576K, used 179558K [0x0000000700000000, 0x0000000800000000)
  region size 2048K, 4 young (8192K), 4 survivors (8192K)
 Metaspace       used 156138K, committed 158464K, reserved 1048576K
  class space    used 21518K, committed 22656K, reserved 851968K
}
Event: 133.354 GC heap before
{Heap before GC invocations=64 (full 0):
 garbage-first heap   total 280576K, used 249190K [0x0000000700000000, 0x0000000800000000)
  region size 2048K, 38 young (77824K), 4 survivors (8192K)
 Metaspace       used 156155K, committed 158464K, reserved 1048576K
  class space    used 21519K, committed 22656K, reserved 851968K
}
Event: 133.404 GC heap after
{Heap after GC invocations=65 (full 0):
 garbage-first heap   total 280576K, used 195017K [0x0000000700000000, 0x0000000800000000)
  region size 2048K, 5 young (10240K), 5 survivors (10240K)
 Metaspace       used 156155K, committed 158464K, reserved 1048576K
  class space    used 21519K, committed 22656K, reserved 851968K
}
Event: 137.227 GC heap before
{Heap before GC invocations=65 (full 0):
 garbage-first heap   total 280576K, used 250313K [0x0000000700000000, 0x0000000800000000)
  region size 2048K, 32 young (65536K), 5 survivors (10240K)
 Metaspace       used 156170K, committed 158464K, reserved 1048576K
  class space    used 21520K, committed 22656K, reserved 851968K
}
Event: 137.257 GC heap after
{Heap after GC invocations=66 (full 0):
 garbage-first heap   total 280576K, used 212769K [0x0000000700000000, 0x0000000800000000)
  region size 2048K, 4 young (8192K), 4 survivors (8192K)
 Metaspace       used 156170K, committed 158464K, reserved 1048576K
  class space    used 21520K, committed 22656K, reserved 851968K
}
Event: 147.848 GC heap before
{Heap before GC invocations=67 (full 0):
 garbage-first heap   total 356352K, used 251681K [0x0000000700000000, 0x0000000800000000)
  region size 2048K, 23 young (47104K), 4 survivors (8192K)
 Metaspace       used 159601K, committed 161984K, reserved 1048576K
  class space    used 21931K, committed 23104K, reserved 851968K
}
Event: 147.870 GC heap after
{Heap after GC invocations=68 (full 0):
 garbage-first heap   total 356352K, used 221147K [0x0000000700000000, 0x0000000800000000)
  region size 2048K, 3 young (6144K), 3 survivors (6144K)
 Metaspace       used 159601K, committed 161984K, reserved 1048576K
  class space    used 21931K, committed 23104K, reserved 851968K
}
Event: 165.567 GC heap before
{Heap before GC invocations=68 (full 0):
 garbage-first heap   total 356352K, used 305115K [0x0000000700000000, 0x0000000800000000)
  region size 2048K, 44 young (90112K), 3 survivors (6144K)
 Metaspace       used 163125K, committed 165504K, reserved 1048576K
  class space    used 22195K, committed 23360K, reserved 851968K
}
Event: 165.615 GC heap after
{Heap after GC invocations=69 (full 0):
 garbage-first heap   total 356352K, used 232464K [0x0000000700000000, 0x0000000800000000)
  region size 2048K, 6 young (12288K), 6 survivors (12288K)
 Metaspace       used 163125K, committed 165504K, reserved 1048576K
  class space    used 22195K, committed 23360K, reserved 851968K
}
Event: 174.086 GC heap before
{Heap before GC invocations=69 (full 0):
 garbage-first heap   total 356352K, used 308240K [0x0000000700000000, 0x0000000800000000)
  region size 2048K, 44 young (90112K), 6 survivors (12288K)
 Metaspace       used 167341K, committed 169664K, reserved 1048576K
  class space    used 22540K, committed 23680K, reserved 851968K
}
Event: 174.139 GC heap after
{Heap after GC invocations=70 (full 0):
 garbage-first heap   total 356352K, used 247878K [0x0000000700000000, 0x0000000800000000)
  region size 2048K, 6 young (12288K), 6 survivors (12288K)
 Metaspace       used 167341K, committed 169664K, reserved 1048576K
  class space    used 22540K, committed 23680K, reserved 851968K
}
Event: 179.669 GC heap before
{Heap before GC invocations=70 (full 0):
 garbage-first heap   total 356352K, used 309318K [0x0000000700000000, 0x0000000800000000)
  region size 2048K, 37 young (75776K), 6 survivors (12288K)
 Metaspace       used 174831K, committed 177216K, reserved 1048576K
  class space    used 23220K, committed 24384K, reserved 851968K
}
Event: 179.747 GC heap after
{Heap after GC invocations=71 (full 0):
 garbage-first heap   total 356352K, used 257619K [0x0000000700000000, 0x0000000800000000)
  region size 2048K, 5 young (10240K), 5 survivors (10240K)
 Metaspace       used 174831K, committed 177216K, reserved 1048576K
  class space    used 23220K, committed 24384K, reserved 851968K
}
Event: 192.071 GC heap before
{Heap before GC invocations=72 (full 0):
 garbage-first heap   total 434176K, used 319059K [0x0000000700000000, 0x0000000800000000)
  region size 2048K, 35 young (71680K), 5 survivors (10240K)
 Metaspace       used 179199K, committed 181632K, reserved 1048576K
  class space    used 23622K, committed 24768K, reserved 851968K
}
Event: 192.119 GC heap after
{Heap after GC invocations=73 (full 0):
 garbage-first heap   total 434176K, used 268111K [0x0000000700000000, 0x0000000800000000)
  region size 2048K, 5 young (10240K), 5 survivors (10240K)
 Metaspace       used 179199K, committed 181632K, reserved 1048576K
  class space    used 23622K, committed 24768K, reserved 851968K
}
Event: 206.980 GC heap before
{Heap before GC invocations=73 (full 0):
 garbage-first heap   total 434176K, used 376655K [0x0000000700000000, 0x0000000800000000)
  region size 2048K, 58 young (118784K), 5 survivors (10240K)
 Metaspace       used 193361K, committed 195776K, reserved 1048576K
  class space    used 24902K, committed 26048K, reserved 851968K
}
Event: 207.033 GC heap after
{Heap after GC invocations=74 (full 0):
 garbage-first heap   total 434176K, used 274897K [0x0000000700000000, 0x0000000800000000)
  region size 2048K, 6 young (12288K), 6 survivors (12288K)
 Metaspace       used 193361K, committed 195776K, reserved 1048576K
  class space    used 24902K, committed 26048K, reserved 851968K
}
Event: 208.798 GC heap before
{Heap before GC invocations=74 (full 0):
 garbage-first heap   total 434176K, used 289233K [0x0000000700000000, 0x0000000800000000)
  region size 2048K, 14 young (28672K), 6 survivors (12288K)
 Metaspace       used 195839K, committed 198272K, reserved 1048576K
  class space    used 25129K, committed 26304K, reserved 851968K
}
Event: 208.824 GC heap after
{Heap after GC invocations=75 (full 0):
 garbage-first heap   total 434176K, used 276930K [0x0000000700000000, 0x0000000800000000)
  region size 2048K, 2 young (4096K), 2 survivors (4096K)
 Metaspace       used 195839K, committed 198272K, reserved 1048576K
  class space    used 25129K, committed 26304K, reserved 851968K
}

